  Main.cpp
C:\Users\karth\source\repos\Project3\Project3\Main.cpp(137,30): warning C4244: '=': conversion from '_Tp' to 'float', possible loss of data
          with
          [
              _Tp=int
          ]
C:\Users\karth\source\repos\Project3\Project3\Main.cpp(138,30): warning C4244: '=': conversion from '_Tp' to 'float', possible loss of data
          with
          [
              _Tp=int
          ]
C:\Users\karth\source\repos\Project3\Project3\Main.cpp(144,40): warning C4244: '=': conversion from '_Tp' to 'float', possible loss of data
          with
          [
              _Tp=int
          ]
C:\Users\karth\source\repos\Project3\Project3\Main.cpp(164,24): warning C4244: 'initializing': conversion from 'double' to 'float', possible loss of data
C:\Users\karth\source\repos\Project3\Project3\Main.cpp(169,32): warning C4244: '=': conversion from 'double' to 'float', possible loss of data
C:\Users\karth\source\repos\Project3\Project3\Main.cpp(230,27): warning C4244: 'argument': conversion from 'double' to '_Ty', possible loss of data
          with
          [
              _Ty=float
          ]
C:\Program Files\Microsoft Visual Studio\2022\Community\VC\Tools\MSVC\14.30.30705\include\xmemory(681,47): warning C4244: 'initializing': conversion from 'double' to '_Objty', possible loss of data
          with
          [
              _Objty=float
          ]
C:\Program Files\Microsoft Visual Studio\2022\Community\VC\Tools\MSVC\14.30.30705\include\xmemory(1652): message : see reference to function template instantiation 'void std::_Default_allocator_traits<_Alloc>::construct<_Ty,double&>(_Alloc &,_Objty *const ,double &)' being compiled
          with
          [
              _Alloc=std::allocator<float>,
              _Ty=float,
              _Objty=float
          ]
C:\Program Files\Microsoft Visual Studio\2022\Community\VC\Tools\MSVC\14.30.30705\include\xmemory(1653): message : see reference to function template instantiation 'void std::_Default_allocator_traits<_Alloc>::construct<_Ty,double&>(_Alloc &,_Objty *const ,double &)' being compiled
          with
          [
              _Alloc=std::allocator<float>,
              _Ty=float,
              _Objty=float
          ]
C:\Program Files\Microsoft Visual Studio\2022\Community\VC\Tools\MSVC\14.30.30705\include\xmemory(1692): message : see reference to function template instantiation 'void std::_Uninitialized_backout_al<_Alloc>::_Emplace_back<double&>(double &)' being compiled
          with
          [
              _Alloc=std::allocator<float>
          ]
C:\Program Files\Microsoft Visual Studio\2022\Community\VC\Tools\MSVC\14.30.30705\include\xmemory(1692): message : see reference to function template instantiation 'void std::_Uninitialized_backout_al<_Alloc>::_Emplace_back<double&>(double &)' being compiled
          with
          [
              _Alloc=std::allocator<float>
          ]
C:\Program Files\Microsoft Visual Studio\2022\Community\VC\Tools\MSVC\14.30.30705\include\vector(1642): message : see reference to function template instantiation 'float *std::_Uninitialized_copy<_Ty,std::allocator<float>>(const _InIt,const _InIt,float *,_Alloc &)' being compiled
          with
          [
              _Ty=double *,
              _InIt=double *,
              _Alloc=std::allocator<float>
          ]
C:\Program Files\Microsoft Visual Studio\2022\Community\VC\Tools\MSVC\14.30.30705\include\vector(496): message : see reference to function template instantiation 'void std::vector<float,std::allocator<float>>::_Construct_n<double*,double*>(const unsigned __int64,double *&&,double *&&)' being compiled
C:\Program Files\Microsoft Visual Studio\2022\Community\VC\Tools\MSVC\14.30.30705\include\vector(496): message : see reference to function template instantiation 'void std::vector<float,std::allocator<float>>::_Construct_n<double*,double*>(const unsigned __int64,double *&&,double *&&)' being compiled
C:\Users\karth\source\repos\Project3\Project3\Main.cpp(154): message : see reference to function template instantiation 'std::vector<float,std::allocator<float>>::vector<std::_Vector_iterator<std::_Vector_val<std::_Simple_types<_Ty>>>,0>(_Iter,_Iter,const _Alloc &)' being compiled
          with
          [
              _Ty=double,
              _Iter=std::_Vector_iterator<std::_Vector_val<std::_Simple_types<double>>>,
              _Alloc=std::allocator<float>
          ]
C:\Users\karth\source\repos\Project3\Project3\Main.cpp(154): message : see reference to function template instantiation 'std::vector<float,std::allocator<float>>::vector<std::_Vector_iterator<std::_Vector_val<std::_Simple_types<_Ty>>>,0>(_Iter,_Iter,const _Alloc &)' being compiled
          with
          [
              _Ty=double,
              _Iter=std::_Vector_iterator<std::_Vector_val<std::_Simple_types<double>>>,
              _Alloc=std::allocator<float>
          ]
  Project3.vcxproj -> C:\Users\karth\source\repos\Project3\x64\Debug\Project3.exe
